{"C:\\Users\\Rhay\\Desktop\\Send-React\\send\\src\\App.tsx": {"path":"C:\\Users\\Rhay\\Desktop\\Send-React\\send\\src\\App.tsx","statementMap":{"0":{"start":{"line":5,"column":2},"end":{"line":7,"column":4}}},"fnMap":{"0":{"name":"App","decl":{"start":{"line":4,"column":9},"end":{"line":4,"column":12}},"loc":{"start":{"line":4,"column":15},"end":{"line":8,"column":1}},"line":4}},"branchMap":{},"s":{"0":0},"f":{"0":0},"b":{}}
,"C:\\Users\\Rhay\\Desktop\\Send-React\\send\\src\\index.tsx": {"path":"C:\\Users\\Rhay\\Desktop\\Send-React\\send\\src\\index.tsx","statementMap":{"0":{"start":{"line":6,"column":0},"end":{"line":12,"column":2}}},"fnMap":{},"branchMap":{},"s":{"0":0},"f":{},"b":{}}
,"C:\\Users\\Rhay\\Desktop\\Send-React\\send\\src\\components\\Header\\index.tsx": {"path":"C:\\Users\\Rhay\\Desktop\\Send-React\\send\\src\\components\\Header\\index.tsx","statementMap":{"0":{"start":{"line":9,"column":32},"end":{"line":29,"column":1}},"1":{"start":{"line":10,"column":18},"end":{"line":10,"column":30}},"2":{"start":{"line":12,"column":22},"end":{"line":14,"column":4}},"3":{"start":{"line":16,"column":24},"end":{"line":18,"column":15}},"4":{"start":{"line":17,"column":4},"end":{"line":17,"column":11}},"5":{"start":{"line":20,"column":2},"end":{"line":28,"column":4}}},"fnMap":{"0":{"name":"(anonymous_0)","decl":{"start":{"line":9,"column":32},"end":{"line":9,"column":33}},"loc":{"start":{"line":9,"column":38},"end":{"line":29,"column":1}},"line":9},"1":{"name":"(anonymous_1)","decl":{"start":{"line":16,"column":36},"end":{"line":16,"column":37}},"loc":{"start":{"line":16,"column":48},"end":{"line":18,"column":3}},"line":16}},"branchMap":{},"s":{"0":0,"1":0,"2":0,"3":0,"4":0,"5":0},"f":{"0":0,"1":0},"b":{}}
,"C:\\Users\\Rhay\\Desktop\\Send-React\\send\\src\\components\\Menu\\index.tsx": {"path":"C:\\Users\\Rhay\\Desktop\\Send-React\\send\\src\\components\\Menu\\index.tsx","statementMap":{"0":{"start":{"line":8,"column":23},"end":{"line":119,"column":1}},"1":{"start":{"line":9,"column":26},"end":{"line":9,"column":41}},"2":{"start":{"line":10,"column":40},"end":{"line":10,"column":55}},"3":{"start":{"line":11,"column":42},"end":{"line":11,"column":57}},"4":{"start":{"line":13,"column":36},"end":{"line":15,"column":8}},"5":{"start":{"line":14,"column":4},"end":{"line":14,"column":26}},"6":{"start":{"line":17,"column":32},"end":{"line":19,"column":8}},"7":{"start":{"line":18,"column":4},"end":{"line":18,"column":27}},"8":{"start":{"line":21,"column":35},"end":{"line":23,"column":8}},"9":{"start":{"line":22,"column":4},"end":{"line":22,"column":25}},"10":{"start":{"line":25,"column":31},"end":{"line":27,"column":8}},"11":{"start":{"line":26,"column":4},"end":{"line":26,"column":26}},"12":{"start":{"line":29,"column":24},"end":{"line":31,"column":8}},"13":{"start":{"line":30,"column":4},"end":{"line":30,"column":18}},"14":{"start":{"line":33,"column":24},"end":{"line":35,"column":8}},"15":{"start":{"line":34,"column":4},"end":{"line":34,"column":19}},"16":{"start":{"line":37,"column":2},"end":{"line":118,"column":4}}},"fnMap":{"0":{"name":"(anonymous_0)","decl":{"start":{"line":8,"column":23},"end":{"line":8,"column":24}},"loc":{"start":{"line":8,"column":29},"end":{"line":119,"column":1}},"line":8},"1":{"name":"(anonymous_1)","decl":{"start":{"line":13,"column":48},"end":{"line":13,"column":49}},"loc":{"start":{"line":13,"column":54},"end":{"line":15,"column":3}},"line":13},"2":{"name":"(anonymous_2)","decl":{"start":{"line":17,"column":44},"end":{"line":17,"column":45}},"loc":{"start":{"line":17,"column":50},"end":{"line":19,"column":3}},"line":17},"3":{"name":"(anonymous_3)","decl":{"start":{"line":21,"column":47},"end":{"line":21,"column":48}},"loc":{"start":{"line":21,"column":53},"end":{"line":23,"column":3}},"line":21},"4":{"name":"(anonymous_4)","decl":{"start":{"line":25,"column":43},"end":{"line":25,"column":44}},"loc":{"start":{"line":25,"column":49},"end":{"line":27,"column":3}},"line":25},"5":{"name":"(anonymous_5)","decl":{"start":{"line":29,"column":36},"end":{"line":29,"column":37}},"loc":{"start":{"line":29,"column":42},"end":{"line":31,"column":3}},"line":29},"6":{"name":"(anonymous_6)","decl":{"start":{"line":33,"column":36},"end":{"line":33,"column":37}},"loc":{"start":{"line":33,"column":42},"end":{"line":35,"column":3}},"line":33}},"branchMap":{"0":{"loc":{"start":{"line":81,"column":9},"end":{"line":91,"column":9}},"type":"binary-expr","locations":[{"start":{"line":81,"column":9},"end":{"line":81,"column":13}},{"start":{"line":82,"column":10},"end":{"line":90,"column":18}}],"line":81},"1":{"loc":{"start":{"line":93,"column":9},"end":{"line":103,"column":9}},"type":"binary-expr","locations":[{"start":{"line":93,"column":9},"end":{"line":93,"column":20}},{"start":{"line":94,"column":10},"end":{"line":102,"column":18}}],"line":93},"2":{"loc":{"start":{"line":105,"column":1},"end":{"line":115,"column":9}},"type":"binary-expr","locations":[{"start":{"line":105,"column":1},"end":{"line":105,"column":13}},{"start":{"line":106,"column":10},"end":{"line":114,"column":18}}],"line":105}},"s":{"0":1,"1":13,"2":13,"3":13,"4":13,"5":1,"6":13,"7":1,"8":13,"9":1,"10":13,"11":1,"12":13,"13":1,"14":13,"15":1,"16":13},"f":{"0":13,"1":1,"2":1,"3":1,"4":1,"5":1,"6":1},"b":{"0":[13,1],"1":[13,1],"2":[13,1]},"_coverageSchema":"1a1c01bbd47fc00a2c39e90264f33305004495a9","hash":"04c2d35bcb9fa038780ff6c3f73f8c13f934135e"}
,"C:\\Users\\Rhay\\Desktop\\Send-React\\send\\src\\components\\ModalContato\\index.tsx": {"path":"C:\\Users\\Rhay\\Desktop\\Send-React\\send\\src\\components\\ModalContato\\index.tsx","statementMap":{"0":{"start":{"line":9,"column":50},"end":{"line":40,"column":1}},"1":{"start":{"line":13,"column":2},"end":{"line":39,"column":4}}},"fnMap":{"0":{"name":"(anonymous_0)","decl":{"start":{"line":9,"column":50},"end":{"line":9,"column":51}},"loc":{"start":{"line":12,"column":6},"end":{"line":40,"column":1}},"line":12}},"branchMap":{},"s":{"0":1,"1":1},"f":{"0":1},"b":{},"_coverageSchema":"1a1c01bbd47fc00a2c39e90264f33305004495a9","hash":"796c137f5ed91ac42f53f964c36161c19cb9961f"}
,"C:\\Users\\Rhay\\Desktop\\Send-React\\send\\src\\components\\ModalEmailAgendado\\index.tsx": {"path":"C:\\Users\\Rhay\\Desktop\\Send-React\\send\\src\\components\\ModalEmailAgendado\\index.tsx","statementMap":{"0":{"start":{"line":9,"column":69},"end":{"line":58,"column":1}},"1":{"start":{"line":13,"column":2},"end":{"line":57,"column":4}}},"fnMap":{"0":{"name":"(anonymous_0)","decl":{"start":{"line":9,"column":69},"end":{"line":9,"column":70}},"loc":{"start":{"line":12,"column":6},"end":{"line":58,"column":1}},"line":12}},"branchMap":{},"s":{"0":1,"1":1},"f":{"0":1},"b":{},"_coverageSchema":"1a1c01bbd47fc00a2c39e90264f33305004495a9","hash":"981aa72e66a01c5f4c4720031342afeb5a8f6c57"}
,"C:\\Users\\Rhay\\Desktop\\Send-React\\send\\src\\components\\ModalEnviarEmail\\index.tsx": {"path":"C:\\Users\\Rhay\\Desktop\\Send-React\\send\\src\\components\\ModalEnviarEmail\\index.tsx","statementMap":{"0":{"start":{"line":9,"column":53},"end":{"line":47,"column":1}},"1":{"start":{"line":13,"column":2},"end":{"line":46,"column":4}}},"fnMap":{"0":{"name":"(anonymous_0)","decl":{"start":{"line":9,"column":53},"end":{"line":9,"column":54}},"loc":{"start":{"line":12,"column":6},"end":{"line":47,"column":1}},"line":12}},"branchMap":{},"s":{"0":1,"1":1},"f":{"0":1},"b":{},"_coverageSchema":"1a1c01bbd47fc00a2c39e90264f33305004495a9","hash":"45a0d20ed4650654c90572849aff5ffaef1472e5"}
,"C:\\Users\\Rhay\\Desktop\\Send-React\\send\\src\\pages\\Home\\index.tsx": {"path":"C:\\Users\\Rhay\\Desktop\\Send-React\\send\\src\\pages\\Home\\index.tsx","statementMap":{"0":{"start":{"line":7,"column":23},"end":{"line":53,"column":1}},"1":{"start":{"line":8,"column":18},"end":{"line":8,"column":30}},"2":{"start":{"line":10,"column":28},"end":{"line":12,"column":15}},"3":{"start":{"line":11,"column":4},"end":{"line":11,"column":30}},"4":{"start":{"line":14,"column":29},"end":{"line":16,"column":15}},"5":{"start":{"line":15,"column":4},"end":{"line":15,"column":34}},"6":{"start":{"line":18,"column":32},"end":{"line":20,"column":15}},"7":{"start":{"line":19,"column":4},"end":{"line":19,"column":42}},"8":{"start":{"line":22,"column":2},"end":{"line":52,"column":4}}},"fnMap":{"0":{"name":"(anonymous_0)","decl":{"start":{"line":7,"column":23},"end":{"line":7,"column":24}},"loc":{"start":{"line":7,"column":29},"end":{"line":53,"column":1}},"line":7},"1":{"name":"(anonymous_1)","decl":{"start":{"line":10,"column":40},"end":{"line":10,"column":41}},"loc":{"start":{"line":10,"column":52},"end":{"line":12,"column":3}},"line":10},"2":{"name":"(anonymous_2)","decl":{"start":{"line":14,"column":41},"end":{"line":14,"column":42}},"loc":{"start":{"line":14,"column":53},"end":{"line":16,"column":3}},"line":14},"3":{"name":"(anonymous_3)","decl":{"start":{"line":18,"column":44},"end":{"line":18,"column":45}},"loc":{"start":{"line":18,"column":56},"end":{"line":20,"column":3}},"line":18}},"branchMap":{},"s":{"0":1,"1":7,"2":7,"3":1,"4":7,"5":1,"6":7,"7":1,"8":7},"f":{"0":7,"1":1,"2":1,"3":1},"b":{},"_coverageSchema":"1a1c01bbd47fc00a2c39e90264f33305004495a9","hash":"f452b1427d7730e4ac4b4eb8a00284aad06461af"}
,"C:\\Users\\Rhay\\Desktop\\Send-React\\send\\src\\pages\\RegistroAdministrador\\index.tsx": {"path":"C:\\Users\\Rhay\\Desktop\\Send-React\\send\\src\\pages\\RegistroAdministrador\\index.tsx","statementMap":{"0":{"start":{"line":5,"column":40},"end":{"line":93,"column":1}},"1":{"start":{"line":6,"column":2},"end":{"line":92,"column":4}}},"fnMap":{"0":{"name":"(anonymous_0)","decl":{"start":{"line":5,"column":40},"end":{"line":5,"column":41}},"loc":{"start":{"line":5,"column":46},"end":{"line":93,"column":1}},"line":5}},"branchMap":{},"s":{"0":1,"1":1},"f":{"0":1},"b":{},"_coverageSchema":"1a1c01bbd47fc00a2c39e90264f33305004495a9","hash":"a27a19acc055120588fee15d5d3065d76e6f0cbd"}
,"C:\\Users\\Rhay\\Desktop\\Send-React\\send\\src\\pages\\RegistroColaborador\\index.tsx": {"path":"C:\\Users\\Rhay\\Desktop\\Send-React\\send\\src\\pages\\RegistroColaborador\\index.tsx","statementMap":{"0":{"start":{"line":5,"column":40},"end":{"line":93,"column":1}},"1":{"start":{"line":6,"column":2},"end":{"line":92,"column":4}}},"fnMap":{"0":{"name":"(anonymous_0)","decl":{"start":{"line":5,"column":40},"end":{"line":5,"column":41}},"loc":{"start":{"line":5,"column":46},"end":{"line":93,"column":1}},"line":5}},"branchMap":{},"s":{"0":1,"1":1},"f":{"0":1},"b":{},"_coverageSchema":"1a1c01bbd47fc00a2c39e90264f33305004495a9","hash":"f36f420d007901257ee5c7ebf1c6a2e25fc420d0"}
,"C:\\Users\\Rhay\\Desktop\\Send-React\\send\\src\\pages\\RegistroUsuario\\index.tsx": {"path":"C:\\Users\\Rhay\\Desktop\\Send-React\\send\\src\\pages\\RegistroUsuario\\index.tsx","statementMap":{"0":{"start":{"line":5,"column":40},"end":{"line":93,"column":1}},"1":{"start":{"line":6,"column":2},"end":{"line":92,"column":4}}},"fnMap":{"0":{"name":"(anonymous_0)","decl":{"start":{"line":5,"column":40},"end":{"line":5,"column":41}},"loc":{"start":{"line":5,"column":46},"end":{"line":93,"column":1}},"line":5}},"branchMap":{},"s":{"0":1,"1":1},"f":{"0":1},"b":{},"_coverageSchema":"1a1c01bbd47fc00a2c39e90264f33305004495a9","hash":"066b5577f7fae56fd04b9cf9a63b97cbf2c5e92b"}
,"C:\\Users\\Rhay\\Desktop\\Send-React\\send\\src\\routes\\routes.js": {"path":"C:\\Users\\Rhay\\Desktop\\Send-React\\send\\src\\routes\\routes.js","statementMap":{"0":{"start":{"line":9,"column":15},"end":{"line":18,"column":1}},"1":{"start":{"line":10,"column":3},"end":{"line":17,"column":4}}},"fnMap":{"0":{"name":"(anonymous_0)","decl":{"start":{"line":9,"column":15},"end":{"line":9,"column":16}},"loc":{"start":{"line":9,"column":21},"end":{"line":18,"column":1}},"line":9}},"branchMap":{},"s":{"0":0,"1":0},"f":{"0":0},"b":{}}
}
